This is pdfTeX, Version 3.141592653-2.6-1.40.24 (TeX Live 2022) (preloaded format=pdflatex 2022.10.5)  25 JAN 2023 21:49
entering extended mode
 restricted \write18 enabled.
 %&-line parsing enabled.
**template.tex
(./template.tex
LaTeX2e <2022-06-01> patch level 5
L3 programming layer <2022-09-28> (./Definitions/mdpi.cls
Document Class: Definitions/mdpi 12/08/2022 MDPI paper class
(d:/software_install/texlive/2022/texmf-dist/tex/latex/base/article.cls
Document Class: article 2021/10/04 v1.4n Standard LaTeX document class
(d:/software_install/texlive/2022/texmf-dist/tex/latex/base/size10.clo
File: size10.clo 2021/10/04 v1.4n Standard LaTeX file (size option)
)
\c@part=\count185
\c@section=\count186
\c@subsection=\count187
\c@subsubsection=\count188
\c@paragraph=\count189
\c@subparagraph=\count190
\c@figure=\count191
\c@table=\count192
\abovecaptionskip=\skip47
\belowcaptionskip=\skip48
\bibindent=\dimen138
)
(d:/software_install/texlive/2022/texmf-dist/tex/latex/base/fontenc.sty
Package: fontenc 2021/04/29 v2.0v Standard LaTeX package
)
(d:/software_install/texlive/2022/texmf-dist/tex/latex/base/inputenc.sty
Package: inputenc 2021/02/14 v1.3d Input encoding file
\inpenc@prehook=\toks16
\inpenc@posthook=\toks17
)
(d:/software_install/texlive/2022/texmf-dist/tex/latex/tools/calc.sty
Package: calc 2017/05/25 v4.3 Infix arithmetic (KKT,FJ)
\calc@Acount=\count193
\calc@Bcount=\count194
\calc@Adimen=\dimen139
\calc@Bdimen=\dimen140
\calc@Askip=\skip49
\calc@Bskip=\skip50
LaTeX Info: Redefining \setlength on input line 80.
LaTeX Info: Redefining \addtolength on input line 81.
\calc@Ccount=\count195
\calc@Cskip=\skip51
)
(d:/software_install/texlive/2022/texmf-dist/tex/latex/tools/indentfirst.sty
Package: indentfirst 1995/11/23 v1.03 Indent first paragraph (DPC)
)
(d:/software_install/texlive/2022/texmf-dist/tex/latex/fancyhdr/fancyhdr.sty
Package: fancyhdr 2022/05/18 v4.0.3 Extensive control of page headers and foote
rs
\f@nch@headwidth=\skip52
\f@nch@O@elh=\skip53
\f@nch@O@erh=\skip54
\f@nch@O@olh=\skip55
\f@nch@O@orh=\skip56
\f@nch@O@elf=\skip57
\f@nch@O@erf=\skip58
\f@nch@O@olf=\skip59
\f@nch@O@orf=\skip60
)
(d:/software_install/texlive/2022/texmf-dist/tex/latex/graphics/graphicx.sty
Package: graphicx 2021/09/16 v1.2d Enhanced LaTeX Graphics (DPC,SPQR)

(d:/software_install/texlive/2022/texmf-dist/tex/latex/graphics/keyval.sty
Package: keyval 2022/05/29 v1.15 key=value parser (DPC)
\KV@toks@=\toks18
)
(d:/software_install/texlive/2022/texmf-dist/tex/latex/graphics/graphics.sty
Package: graphics 2022/03/10 v1.4e Standard LaTeX Graphics (DPC,SPQR)

(d:/software_install/texlive/2022/texmf-dist/tex/latex/graphics/trig.sty
Package: trig 2021/08/11 v1.11 sin cos tan (DPC)
)
(d:/software_install/texlive/2022/texmf-dist/tex/latex/graphics-cfg/graphics.cf
g
File: graphics.cfg 2016/06/04 v1.11 sample graphics configuration
)
Package graphics Info: Driver file: pdftex.def on input line 107.

(d:/software_install/texlive/2022/texmf-dist/tex/latex/graphics-def/pdftex.def
File: pdftex.def 2022/09/22 v1.2b Graphics/color driver for pdftex
\stockwidth=\dimen141
\stockheight=\dimen142
))
\Gin@req@height=\dimen143
\Gin@req@width=\dimen144
)
(d:/software_install/texlive/2022/texmf-dist/tex/latex/epstopdf-pkg/epstopdf.st
y
Package: epstopdf 2020-01-24 v2.11 Conversion with epstopdf on the fly (HO)

(d:/software_install/texlive/2022/texmf-dist/tex/generic/infwarerr/infwarerr.st
y
Package: infwarerr 2019/12/03 v1.5 Providing info/warning/error messages (HO)
) (d:/software_install/texlive/2022/texmf-dist/tex/latex/grfext/grfext.sty
Package: grfext 2019/12/03 v1.3 Manage graphics extensions (HO)

(d:/software_install/texlive/2022/texmf-dist/tex/generic/kvdefinekeys/kvdefinek
eys.sty
Package: kvdefinekeys 2019-12-19 v1.6 Define keys (HO)
))
(d:/software_install/texlive/2022/texmf-dist/tex/latex/kvoptions/kvoptions.sty
Package: kvoptions 2022-06-15 v3.15 Key value format for package options (HO)

(d:/software_install/texlive/2022/texmf-dist/tex/generic/ltxcmds/ltxcmds.sty
Package: ltxcmds 2020-05-10 v1.25 LaTeX kernel commands for general use (HO)
)
(d:/software_install/texlive/2022/texmf-dist/tex/generic/kvsetkeys/kvsetkeys.st
y
Package: kvsetkeys 2019/12/15 v1.18 Key value parser (HO)
))
(d:/software_install/texlive/2022/texmf-dist/tex/generic/pdftexcmds/pdftexcmds.
sty
Package: pdftexcmds 2020-06-27 v0.33 Utility functions of pdfTeX for LuaTeX (HO
)
 (d:/software_install/texlive/2022/texmf-dist/tex/generic/iftex/iftex.sty
Package: iftex 2022/02/03 v1.0f TeX engine tests
)
Package pdftexcmds Info: \pdf@primitive is available.
Package pdftexcmds Info: \pdf@ifprimitive is available.
Package pdftexcmds Info: \pdfdraftmode found.
)
(d:/software_install/texlive/2022/texmf-dist/tex/latex/epstopdf-pkg/epstopdf-ba
se.sty
Package: epstopdf-base 2020-01-24 v2.11 Base part for package epstopdf
Package epstopdf-base Info: Redefining graphics rule for `.eps' on input line 4
85.
Package grfext Info: Graphics extension search list:
(grfext)             [.pdf,.png,.jpg,.mps,.jpeg,.jbig2,.jb2,.PDF,.PNG,.JPG,.JPE
G,.JBIG2,.JB2,.eps]
(grfext)             \AppendGraphicsExtensions on input line 504.

(d:/software_install/texlive/2022/texmf-dist/tex/latex/latexconfig/epstopdf-sys
.cfg
File: epstopdf-sys.cfg 2010/07/13 v1.3 Configuration of (r)epstopdf for TeX Liv
e
)))
(d:/software_install/texlive/2022/texmf-dist/tex/latex/lastpage/lastpage.sty
Package: lastpage 2021/09/03 v1.2n Refers to last page's name (HMM; JPG)
)
(d:/software_install/texlive/2022/texmf-dist/tex/latex/base/ifthen.sty
Package: ifthen 2022/04/13 v1.1d Standard LaTeX ifthen package (DPC)
)
(d:/software_install/texlive/2022/texmf-dist/tex/latex/lineno/lineno.sty
Package: lineno 2005/11/02 line numbers on paragraphs v4.41
\linenopenalty=\count196
\output=\toks19
\linenoprevgraf=\count197
\linenumbersep=\dimen145
\linenumberwidth=\dimen146
\c@linenumber=\count198
\c@pagewiselinenumber=\count199
\c@LN@truepage=\count266
\c@internallinenumber=\count267
\c@internallinenumbers=\count268
\quotelinenumbersep=\dimen147
\bframerule=\dimen148
\bframesep=\dimen149
\bframebox=\box51
LaTeX Info: Redefining \\ on input line 3056.
)
(d:/software_install/texlive/2022/texmf-dist/tex/latex/float/float.sty
Package: float 2001/11/08 v1.3d Float enhancements (AL)
\c@float@type=\count269
\float@exts=\toks20
\float@box=\box52
\@float@everytoks=\toks21
\@floatcapt=\box53
)
(d:/software_install/texlive/2022/texmf-dist/tex/latex/amsmath/amsmath.sty
Package: amsmath 2022/04/08 v2.17n AMS math features
\@mathmargin=\skip61

For additional information on amsmath, use the `?' option.
(d:/software_install/texlive/2022/texmf-dist/tex/latex/amsmath/amstext.sty
Package: amstext 2021/08/26 v2.01 AMS text

(d:/software_install/texlive/2022/texmf-dist/tex/latex/amsmath/amsgen.sty
File: amsgen.sty 1999/11/30 v2.0 generic functions
\@emptytoks=\toks22
\ex@=\dimen150
))
(d:/software_install/texlive/2022/texmf-dist/tex/latex/amsmath/amsbsy.sty
Package: amsbsy 1999/11/29 v1.2d Bold Symbols
\pmbraise@=\dimen151
)
(d:/software_install/texlive/2022/texmf-dist/tex/latex/amsmath/amsopn.sty
Package: amsopn 2022/04/08 v2.04 operator names
)
\inf@bad=\count270
LaTeX Info: Redefining \frac on input line 234.
\uproot@=\count271
\leftroot@=\count272
LaTeX Info: Redefining \overline on input line 399.
LaTeX Info: Redefining \colon on input line 410.
\classnum@=\count273
\DOTSCASE@=\count274
LaTeX Info: Redefining \ldots on input line 496.
LaTeX Info: Redefining \dots on input line 499.
LaTeX Info: Redefining \cdots on input line 620.
\Mathstrutbox@=\box54
\strutbox@=\box55
LaTeX Info: Redefining \big on input line 722.
LaTeX Info: Redefining \Big on input line 723.
LaTeX Info: Redefining \bigg on input line 724.
LaTeX Info: Redefining \Bigg on input line 725.
\big@size=\dimen152
LaTeX Font Info:    Redeclaring font encoding OML on input line 743.
LaTeX Font Info:    Redeclaring font encoding OMS on input line 744.
\macc@depth=\count275
LaTeX Info: Redefining \bmod on input line 905.
LaTeX Info: Redefining \pmod on input line 910.
LaTeX Info: Redefining \smash on input line 940.
LaTeX Info: Redefining \relbar on input line 970.
LaTeX Info: Redefining \Relbar on input line 971.
\c@MaxMatrixCols=\count276
\dotsspace@=\muskip16
\c@parentequation=\count277
\dspbrk@lvl=\count278
\tag@help=\toks23
\row@=\count279
\column@=\count280
\maxfields@=\count281
\andhelp@=\toks24
\eqnshift@=\dimen153
\alignsep@=\dimen154
\tagshift@=\dimen155
\tagwidth@=\dimen156
\totwidth@=\dimen157
\lineht@=\dimen158
\@envbody=\toks25
\multlinegap=\skip62
\multlinetaggap=\skip63
\mathdisplay@stack=\toks26
LaTeX Info: Redefining \[ on input line 2953.
LaTeX Info: Redefining \] on input line 2954.
)
(d:/software_install/texlive/2022/texmf-dist/tex/latex/amsfonts/amssymb.sty
Package: amssymb 2013/01/14 v3.01 AMS font symbols

(d:/software_install/texlive/2022/texmf-dist/tex/latex/amsfonts/amsfonts.sty
Package: amsfonts 2013/01/14 v3.01 Basic AMSFonts support
\symAMSa=\mathgroup4
\symAMSb=\mathgroup5
LaTeX Font Info:    Redeclaring math symbol \hbar on input line 98.
LaTeX Font Info:    Overwriting math alphabet `\mathfrak' in version `bold'
(Font)                  U/euf/m/n --> U/euf/b/n on input line 106.
))
(d:/software_install/texlive/2022/texmf-dist/tex/latex/setspace/setspace.sty
Package: setspace 2011/12/19 v6.7a set line spacing
)
(d:/software_install/texlive/2022/texmf-dist/tex/latex/enumitem/enumitem.sty
Package: enumitem 2019/06/20 v3.9 Customized lists
\labelindent=\skip64
\enit@outerparindent=\dimen159
\enit@toks=\toks27
\enit@inbox=\box56
\enit@count@id=\count282
\enitdp@description=\count283
)
(d:/software_install/texlive/2022/texmf-dist/tex/latex/psnfss/mathpazo.sty
Package: mathpazo 2020/03/25 PSNFSS-v9.3 Palatino w/ Pazo Math (D.Puga, WaS) 
\symupright=\mathgroup6
)
(d:/software_install/texlive/2022/texmf-dist/tex/latex/booktabs/booktabs.sty
Package: booktabs 2020/01/12 v1.61803398 Publication quality tables
\heavyrulewidth=\dimen160
\lightrulewidth=\dimen161
\cmidrulewidth=\dimen162
\belowrulesep=\dimen163
\belowbottomsep=\dimen164
\aboverulesep=\dimen165
\abovetopsep=\dimen166
\cmidrulesep=\dimen167
\cmidrulekern=\dimen168
\defaultaddspace=\dimen169
\@cmidla=\count284
\@cmidlb=\count285
\@aboverulesep=\dimen170
\@belowrulesep=\dimen171
\@thisruleclass=\count286
\@lastruleclass=\count287
\@thisrulewidth=\dimen172
)
(d:/software_install/texlive/2022/texmf-dist/tex/latex/titlesec/titlesec.sty
Package: titlesec 2021/07/05 v2.14 Sectioning titles
\ttl@box=\box57
\beforetitleunit=\skip65
\aftertitleunit=\skip66
\ttl@plus=\dimen173
\ttl@minus=\dimen174
\ttl@toksa=\toks28
\titlewidth=\dimen175
\titlewidthlast=\dimen176
\titlewidthfirst=\dimen177
)
(d:/software_install/texlive/2022/texmf-dist/tex/latex/etoolbox/etoolbox.sty
Package: etoolbox 2020/10/05 v2.5k e-TeX tools for LaTeX (JAW)
\etb@tempcnta=\count288
)
(d:/software_install/texlive/2022/texmf-dist/tex/latex/tabto-ltx/tabto.sty
Package: tabto 2018/12/28  v 1.4  Another tabbing mechanism
\CurrentLineWidth=\dimen178
\TabPrevPos=\dimen179
)
(d:/software_install/texlive/2022/texmf-dist/tex/latex/xcolor/xcolor.sty
Package: xcolor 2022/06/12 v2.14 LaTeX color extensions (UK)

(d:/software_install/texlive/2022/texmf-dist/tex/latex/graphics-cfg/color.cfg
File: color.cfg 2016/01/02 v1.6 sample color configuration
)
Package xcolor Info: Driver file: pdftex.def on input line 227.

(d:/software_install/texlive/2022/texmf-dist/tex/latex/graphics/mathcolor.ltx)
Package xcolor Info: Model `cmy' substituted by `cmy0' on input line 1353.
Package xcolor Info: Model `hsb' substituted by `rgb' on input line 1357.
Package xcolor Info: Model `RGB' extended on input line 1369.
Package xcolor Info: Model `HTML' substituted by `rgb' on input line 1371.
Package xcolor Info: Model `Hsb' substituted by `hsb' on input line 1372.
Package xcolor Info: Model `tHsb' substituted by `hsb' on input line 1373.
Package xcolor Info: Model `HSB' substituted by `hsb' on input line 1374.
Package xcolor Info: Model `Gray' substituted by `gray' on input line 1375.
Package xcolor Info: Model `wave' substituted by `hsb' on input line 1376.
) (d:/software_install/texlive/2022/texmf-dist/tex/latex/colortbl/colortbl.sty
Package: colortbl 2022/06/20 v1.0f Color table columns (DPC)

(d:/software_install/texlive/2022/texmf-dist/tex/latex/tools/array.sty
Package: array 2022/03/10 v2.5f Tabular extension package (FMi)
\col@sep=\dimen180
\ar@mcellbox=\box58
\extrarowheight=\dimen181
\NC@list=\toks29
\extratabsurround=\skip67
\backup@length=\skip68
\ar@cellbox=\box59
)
\everycr=\toks30
\minrowclearance=\skip69
\rownum=\count289
)
(d:/software_install/texlive/2022/texmf-dist/tex/generic/soul/soul.sty
Package: soul 2003/11/17 v2.4 letterspacing/underlining (mf)
\SOUL@word=\toks31
\SOUL@lasttoken=\toks32
\SOUL@cmds=\toks33
\SOUL@buffer=\toks34
\SOUL@token=\toks35
\SOUL@spaceskip=\skip70
\SOUL@ttwidth=\dimen182
\SOUL@uldp=\dimen183
\SOUL@ulht=\dimen184
)
(d:/software_install/texlive/2022/texmf-dist/tex/latex/multirow/multirow.sty
Package: multirow 2021/03/15 v2.8 Span multiple rows of a table
\multirow@colwidth=\skip71
\multirow@cntb=\count290
\multirow@dima=\skip72
\bigstrutjot=\dimen185
)
(d:/software_install/texlive/2022/texmf-dist/tex/latex/microtype/microtype.sty
Package: microtype 2022/06/23 v3.0f Micro-typographical refinements (RS)
\MT@toks=\toks36
\MT@tempbox=\box60
\MT@count=\count291
LaTeX Info: Redefining \noprotrusionifhmode on input line 1045.
LaTeX Info: Redefining \leftprotrusion on input line 1046.
LaTeX Info: Redefining \rightprotrusion on input line 1056.
LaTeX Info: Redefining \textls on input line 1234.
\MT@outer@kern=\dimen186
LaTeX Info: Redefining \textmicrotypecontext on input line 1858.
\MT@listname@count=\count292

(d:/software_install/texlive/2022/texmf-dist/tex/latex/microtype/microtype-pdft
ex.def
File: microtype-pdftex.def 2022/06/23 v3.0f Definitions specific to pdftex (RS)

LaTeX Info: Redefining \lsstyle on input line 900.
LaTeX Info: Redefining \lslig on input line 900.
\MT@outer@space=\skip73
)
Package microtype Info: Loading configuration file microtype.cfg.

(d:/software_install/texlive/2022/texmf-dist/tex/latex/microtype/microtype.cfg
File: microtype.cfg 2022/06/23 v3.0f microtype main configuration file (RS)
))
(d:/software_install/texlive/2022/texmf-dist/tex/latex/pgf/frontendlayer/tikz.s
ty
(d:/software_install/texlive/2022/texmf-dist/tex/latex/pgf/basiclayer/pgf.sty
(d:/software_install/texlive/2022/texmf-dist/tex/latex/pgf/utilities/pgfrcs.sty

(d:/software_install/texlive/2022/texmf-dist/tex/generic/pgf/utilities/pgfutil-
common.tex
\pgfutil@everybye=\toks37
\pgfutil@tempdima=\dimen187
\pgfutil@tempdimb=\dimen188

(d:/software_install/texlive/2022/texmf-dist/tex/generic/pgf/utilities/pgfutil-
common-lists.tex))
(d:/software_install/texlive/2022/texmf-dist/tex/generic/pgf/utilities/pgfutil-
latex.def
\pgfutil@abb=\box61
)
(d:/software_install/texlive/2022/texmf-dist/tex/generic/pgf/utilities/pgfrcs.c
ode.tex
(d:/software_install/texlive/2022/texmf-dist/tex/generic/pgf/pgf.revision.tex)
Package: pgfrcs 2021/05/15 v3.1.9a (3.1.9a)
))
Package: pgf 2021/05/15 v3.1.9a (3.1.9a)

(d:/software_install/texlive/2022/texmf-dist/tex/latex/pgf/basiclayer/pgfcore.s
ty
(d:/software_install/texlive/2022/texmf-dist/tex/latex/pgf/systemlayer/pgfsys.s
ty
(d:/software_install/texlive/2022/texmf-dist/tex/generic/pgf/systemlayer/pgfsys
.code.tex
Package: pgfsys 2021/05/15 v3.1.9a (3.1.9a)

(d:/software_install/texlive/2022/texmf-dist/tex/generic/pgf/utilities/pgfkeys.
code.tex
\pgfkeys@pathtoks=\toks38
\pgfkeys@temptoks=\toks39

(d:/software_install/texlive/2022/texmf-dist/tex/generic/pgf/utilities/pgfkeysf
iltered.code.tex
\pgfkeys@tmptoks=\toks40
))
\pgf@x=\dimen189
\pgf@y=\dimen190
\pgf@xa=\dimen191
\pgf@ya=\dimen192
\pgf@xb=\dimen193
\pgf@yb=\dimen194
\pgf@xc=\dimen195
\pgf@yc=\dimen196
\pgf@xd=\dimen197
\pgf@yd=\dimen198
\w@pgf@writea=\write3
\r@pgf@reada=\read2
\c@pgf@counta=\count293
\c@pgf@countb=\count294
\c@pgf@countc=\count295
\c@pgf@countd=\count296
\t@pgf@toka=\toks41
\t@pgf@tokb=\toks42
\t@pgf@tokc=\toks43
\pgf@sys@id@count=\count297

(d:/software_install/texlive/2022/texmf-dist/tex/generic/pgf/systemlayer/pgf.cf
g
File: pgf.cfg 2021/05/15 v3.1.9a (3.1.9a)
)
Driver file for pgf: pgfsys-pdftex.def

(d:/software_install/texlive/2022/texmf-dist/tex/generic/pgf/systemlayer/pgfsys
-pdftex.def
File: pgfsys-pdftex.def 2021/05/15 v3.1.9a (3.1.9a)

(d:/software_install/texlive/2022/texmf-dist/tex/generic/pgf/systemlayer/pgfsys
-common-pdf.def
File: pgfsys-common-pdf.def 2021/05/15 v3.1.9a (3.1.9a)
)))
(d:/software_install/texlive/2022/texmf-dist/tex/generic/pgf/systemlayer/pgfsys
softpath.code.tex
File: pgfsyssoftpath.code.tex 2021/05/15 v3.1.9a (3.1.9a)
\pgfsyssoftpath@smallbuffer@items=\count298
\pgfsyssoftpath@bigbuffer@items=\count299
)
(d:/software_install/texlive/2022/texmf-dist/tex/generic/pgf/systemlayer/pgfsys
protocol.code.tex
File: pgfsysprotocol.code.tex 2021/05/15 v3.1.9a (3.1.9a)
))
(d:/software_install/texlive/2022/texmf-dist/tex/generic/pgf/basiclayer/pgfcore
.code.tex
Package: pgfcore 2021/05/15 v3.1.9a (3.1.9a)

(d:/software_install/texlive/2022/texmf-dist/tex/generic/pgf/math/pgfmath.code.
tex
(d:/software_install/texlive/2022/texmf-dist/tex/generic/pgf/math/pgfmathcalc.c
ode.tex
(d:/software_install/texlive/2022/texmf-dist/tex/generic/pgf/math/pgfmathutil.c
ode.tex)
(d:/software_install/texlive/2022/texmf-dist/tex/generic/pgf/math/pgfmathparser
.code.tex
\pgfmath@dimen=\dimen199
\pgfmath@count=\count300
\pgfmath@box=\box62
\pgfmath@toks=\toks44
\pgfmath@stack@operand=\toks45
\pgfmath@stack@operation=\toks46
)
(d:/software_install/texlive/2022/texmf-dist/tex/generic/pgf/math/pgfmathfuncti
ons.code.tex
(d:/software_install/texlive/2022/texmf-dist/tex/generic/pgf/math/pgfmathfuncti
ons.basic.code.tex)
(d:/software_install/texlive/2022/texmf-dist/tex/generic/pgf/math/pgfmathfuncti
ons.trigonometric.code.tex)
(d:/software_install/texlive/2022/texmf-dist/tex/generic/pgf/math/pgfmathfuncti
ons.random.code.tex)
(d:/software_install/texlive/2022/texmf-dist/tex/generic/pgf/math/pgfmathfuncti
ons.comparison.code.tex)
(d:/software_install/texlive/2022/texmf-dist/tex/generic/pgf/math/pgfmathfuncti
ons.base.code.tex)
(d:/software_install/texlive/2022/texmf-dist/tex/generic/pgf/math/pgfmathfuncti
ons.round.code.tex)
(d:/software_install/texlive/2022/texmf-dist/tex/generic/pgf/math/pgfmathfuncti
ons.misc.code.tex)
(d:/software_install/texlive/2022/texmf-dist/tex/generic/pgf/math/pgfmathfuncti
ons.integerarithmetics.code.tex)))
(d:/software_install/texlive/2022/texmf-dist/tex/generic/pgf/math/pgfmathfloat.
code.tex
\c@pgfmathroundto@lastzeros=\count301
))
(d:/software_install/texlive/2022/texmf-dist/tex/generic/pgf/math/pgfint.code.t
ex)
(d:/software_install/texlive/2022/texmf-dist/tex/generic/pgf/basiclayer/pgfcore
points.code.tex
File: pgfcorepoints.code.tex 2021/05/15 v3.1.9a (3.1.9a)
\pgf@picminx=\dimen256
\pgf@picmaxx=\dimen257
\pgf@picminy=\dimen258
\pgf@picmaxy=\dimen259
\pgf@pathminx=\dimen260
\pgf@pathmaxx=\dimen261
\pgf@pathminy=\dimen262
\pgf@pathmaxy=\dimen263
\pgf@xx=\dimen264
\pgf@xy=\dimen265
\pgf@yx=\dimen266
\pgf@yy=\dimen267
\pgf@zx=\dimen268
\pgf@zy=\dimen269
)
(d:/software_install/texlive/2022/texmf-dist/tex/generic/pgf/basiclayer/pgfcore
pathconstruct.code.tex
File: pgfcorepathconstruct.code.tex 2021/05/15 v3.1.9a (3.1.9a)
\pgf@path@lastx=\dimen270
\pgf@path@lasty=\dimen271
)
(d:/software_install/texlive/2022/texmf-dist/tex/generic/pgf/basiclayer/pgfcore
pathusage.code.tex
File: pgfcorepathusage.code.tex 2021/05/15 v3.1.9a (3.1.9a)
\pgf@shorten@end@additional=\dimen272
\pgf@shorten@start@additional=\dimen273
)
(d:/software_install/texlive/2022/texmf-dist/tex/generic/pgf/basiclayer/pgfcore
scopes.code.tex
File: pgfcorescopes.code.tex 2021/05/15 v3.1.9a (3.1.9a)
\pgfpic=\box63
\pgf@hbox=\box64
\pgf@layerbox@main=\box65
\pgf@picture@serial@count=\count302
)
(d:/software_install/texlive/2022/texmf-dist/tex/generic/pgf/basiclayer/pgfcore
graphicstate.code.tex
File: pgfcoregraphicstate.code.tex 2021/05/15 v3.1.9a (3.1.9a)
\pgflinewidth=\dimen274
)
(d:/software_install/texlive/2022/texmf-dist/tex/generic/pgf/basiclayer/pgfcore
transformations.code.tex
File: pgfcoretransformations.code.tex 2021/05/15 v3.1.9a (3.1.9a)
\pgf@pt@x=\dimen275
\pgf@pt@y=\dimen276
\pgf@pt@temp=\dimen277
)
(d:/software_install/texlive/2022/texmf-dist/tex/generic/pgf/basiclayer/pgfcore
quick.code.tex
File: pgfcorequick.code.tex 2021/05/15 v3.1.9a (3.1.9a)
)
(d:/software_install/texlive/2022/texmf-dist/tex/generic/pgf/basiclayer/pgfcore
objects.code.tex
File: pgfcoreobjects.code.tex 2021/05/15 v3.1.9a (3.1.9a)
)
(d:/software_install/texlive/2022/texmf-dist/tex/generic/pgf/basiclayer/pgfcore
pathprocessing.code.tex
File: pgfcorepathprocessing.code.tex 2021/05/15 v3.1.9a (3.1.9a)
)
(d:/software_install/texlive/2022/texmf-dist/tex/generic/pgf/basiclayer/pgfcore
arrows.code.tex
File: pgfcorearrows.code.tex 2021/05/15 v3.1.9a (3.1.9a)
\pgfarrowsep=\dimen278
)
(d:/software_install/texlive/2022/texmf-dist/tex/generic/pgf/basiclayer/pgfcore
shade.code.tex
File: pgfcoreshade.code.tex 2021/05/15 v3.1.9a (3.1.9a)
\pgf@max=\dimen279
\pgf@sys@shading@range@num=\count303
\pgf@shadingcount=\count304
)
(d:/software_install/texlive/2022/texmf-dist/tex/generic/pgf/basiclayer/pgfcore
image.code.tex
File: pgfcoreimage.code.tex 2021/05/15 v3.1.9a (3.1.9a)

(d:/software_install/texlive/2022/texmf-dist/tex/generic/pgf/basiclayer/pgfcore
external.code.tex
File: pgfcoreexternal.code.tex 2021/05/15 v3.1.9a (3.1.9a)
\pgfexternal@startupbox=\box66
))
(d:/software_install/texlive/2022/texmf-dist/tex/generic/pgf/basiclayer/pgfcore
layers.code.tex
File: pgfcorelayers.code.tex 2021/05/15 v3.1.9a (3.1.9a)
)
(d:/software_install/texlive/2022/texmf-dist/tex/generic/pgf/basiclayer/pgfcore
transparency.code.tex
File: pgfcoretransparency.code.tex 2021/05/15 v3.1.9a (3.1.9a)
)
(d:/software_install/texlive/2022/texmf-dist/tex/generic/pgf/basiclayer/pgfcore
patterns.code.tex
File: pgfcorepatterns.code.tex 2021/05/15 v3.1.9a (3.1.9a)
)
(d:/software_install/texlive/2022/texmf-dist/tex/generic/pgf/basiclayer/pgfcore
rdf.code.tex
File: pgfcorerdf.code.tex 2021/05/15 v3.1.9a (3.1.9a)
)))
(d:/software_install/texlive/2022/texmf-dist/tex/generic/pgf/modules/pgfmodules
hapes.code.tex
File: pgfmoduleshapes.code.tex 2021/05/15 v3.1.9a (3.1.9a)
\pgfnodeparttextbox=\box67
)
(d:/software_install/texlive/2022/texmf-dist/tex/generic/pgf/modules/pgfmodulep
lot.code.tex
File: pgfmoduleplot.code.tex 2021/05/15 v3.1.9a (3.1.9a)
)
(d:/software_install/texlive/2022/texmf-dist/tex/latex/pgf/compatibility/pgfcom
p-version-0-65.sty
Package: pgfcomp-version-0-65 2021/05/15 v3.1.9a (3.1.9a)
\pgf@nodesepstart=\dimen280
\pgf@nodesepend=\dimen281
)
(d:/software_install/texlive/2022/texmf-dist/tex/latex/pgf/compatibility/pgfcom
p-version-1-18.sty
Package: pgfcomp-version-1-18 2021/05/15 v3.1.9a (3.1.9a)
))
(d:/software_install/texlive/2022/texmf-dist/tex/latex/pgf/utilities/pgffor.sty

(d:/software_install/texlive/2022/texmf-dist/tex/latex/pgf/utilities/pgfkeys.st
y
(d:/software_install/texlive/2022/texmf-dist/tex/generic/pgf/utilities/pgfkeys.
code.tex))
(d:/software_install/texlive/2022/texmf-dist/tex/latex/pgf/math/pgfmath.sty
(d:/software_install/texlive/2022/texmf-dist/tex/generic/pgf/math/pgfmath.code.
tex))
(d:/software_install/texlive/2022/texmf-dist/tex/generic/pgf/utilities/pgffor.c
ode.tex
Package: pgffor 2021/05/15 v3.1.9a (3.1.9a)

(d:/software_install/texlive/2022/texmf-dist/tex/generic/pgf/math/pgfmath.code.
tex)
\pgffor@iter=\dimen282
\pgffor@skip=\dimen283
\pgffor@stack=\toks47
\pgffor@toks=\toks48
))
(d:/software_install/texlive/2022/texmf-dist/tex/generic/pgf/frontendlayer/tikz
/tikz.code.tex
Package: tikz 2021/05/15 v3.1.9a (3.1.9a)

(d:/software_install/texlive/2022/texmf-dist/tex/generic/pgf/libraries/pgflibra
ryplothandlers.code.tex
File: pgflibraryplothandlers.code.tex 2021/05/15 v3.1.9a (3.1.9a)
\pgf@plot@mark@count=\count305
\pgfplotmarksize=\dimen284
)
\tikz@lastx=\dimen285
\tikz@lasty=\dimen286
\tikz@lastxsaved=\dimen287
\tikz@lastysaved=\dimen288
\tikz@lastmovetox=\dimen289
\tikz@lastmovetoy=\dimen290
\tikzleveldistance=\dimen291
\tikzsiblingdistance=\dimen292
\tikz@figbox=\box68
\tikz@figbox@bg=\box69
\tikz@tempbox=\box70
\tikz@tempbox@bg=\box71
\tikztreelevel=\count306
\tikznumberofchildren=\count307
\tikznumberofcurrentchild=\count308
\tikz@fig@count=\count309

(d:/software_install/texlive/2022/texmf-dist/tex/generic/pgf/modules/pgfmodulem
atrix.code.tex
File: pgfmodulematrix.code.tex 2021/05/15 v3.1.9a (3.1.9a)
\pgfmatrixcurrentrow=\count310
\pgfmatrixcurrentcolumn=\count311
\pgf@matrix@numberofcolumns=\count312
)
\tikz@expandcount=\count313

(d:/software_install/texlive/2022/texmf-dist/tex/generic/pgf/frontendlayer/tikz
/libraries/tikzlibrarytopaths.code.tex
File: tikzlibrarytopaths.code.tex 2021/05/15 v3.1.9a (3.1.9a)
)))
(d:/software_install/texlive/2022/texmf-dist/tex/latex/totcount/totcount.sty
Package: totcount 2011/01/25 v1.2 package for gettingthe total value of LaTeX c
ounters
)
(d:/software_install/texlive/2022/texmf-dist/tex/latex/changepage/changepage.st
y
Package: changepage 2009/10/20 v1.0c check page and change page layout
\c@cp@cntr=\count314
\cp@tempcnt=\count315
)
(d:/software_install/texlive/2022/texmf-dist/tex/latex/frankenstein/attrib.sty
Package: attrib 2001/08/31 v1.3 attribution of block elements (Frankenstein's h
at)

(d:/software_install/texlive/2022/texmf-dist/tex/latex/frankenstein/moredefs.st
y
Package: moredefs 2001/08/31 v1.8 more defining commands (Frankenstein's brain)

\sc@toks@a=\toks49
\sc@toks@b=\toks50
)
\AttribMinSkip=\skip74
) (d:/software_install/texlive/2022/texmf-dist/tex/latex/was/upgreek.sty
Package: upgreek 2003/02/12 v2.0 (WaS)
Package upgreek Info: Using Euler Roman for upright Greek on input line 31.
\symugrf@m=\mathgroup7
LaTeX Font Info:    Overwriting symbol font `ugrf@m' in version `bold'
(Font)                  U/eur/m/n --> U/eur/b/n on input line 38.
)
(d:/software_install/texlive/2022/texmf-dist/tex/latex/tools/tabularx.sty
Package: tabularx 2020/01/15 v2.11c `tabularx' package (DPC)
\TX@col@width=\dimen293
\TX@old@table=\dimen294
\TX@old@col=\dimen295
\TX@target=\dimen296
\TX@delta=\dimen297
\TX@cols=\count316
\TX@ftn=\toks51
)
(d:/software_install/texlive/2022/texmf-dist/tex/latex/pbox/pbox.sty
Package: pbox 2011/12/07 v1.2 Dynamic parboxes
\pb@xlen=\skip75
)
(d:/software_install/texlive/2022/texmf-dist/tex/latex/ragged2e/ragged2e.sty
Package: ragged2e 2021/12/15 v3.1 ragged2e Package
\CenteringLeftskip=\skip76
\RaggedLeftLeftskip=\skip77
\RaggedRightLeftskip=\skip78
\CenteringRightskip=\skip79
\RaggedLeftRightskip=\skip80
\RaggedRightRightskip=\skip81
\CenteringParfillskip=\skip82
\RaggedLeftParfillskip=\skip83
\RaggedRightParfillskip=\skip84
\JustifyingParfillskip=\skip85
\CenteringParindent=\skip86
\RaggedLeftParindent=\skip87
\RaggedRightParindent=\skip88
\JustifyingParindent=\skip89
)
(d:/software_install/texlive/2022/texmf-dist/tex/latex/tocloft/tocloft.sty
Package: tocloft 2017/08/31 v2.3i parameterised ToC, etc., typesetting
Package tocloft Info: The document has section divisions on input line 51.
\cftparskip=\skip90
\cftbeforetoctitleskip=\skip91
\cftaftertoctitleskip=\skip92
\cftbeforepartskip=\skip93
\cftpartnumwidth=\skip94
\cftpartindent=\skip95
\cftbeforesecskip=\skip96
\cftsecindent=\skip97
\cftsecnumwidth=\skip98
\cftbeforesubsecskip=\skip99
\cftsubsecindent=\skip100
\cftsubsecnumwidth=\skip101
\cftbeforesubsubsecskip=\skip102
\cftsubsubsecindent=\skip103
\cftsubsubsecnumwidth=\skip104
\cftbeforeparaskip=\skip105
\cftparaindent=\skip106
\cftparanumwidth=\skip107
\cftbeforesubparaskip=\skip108
\cftsubparaindent=\skip109
\cftsubparanumwidth=\skip110
\cftbeforeloftitleskip=\skip111
\cftafterloftitleskip=\skip112
\cftbeforefigskip=\skip113
\cftfigindent=\skip114
\cftfignumwidth=\skip115
\c@lofdepth=\count317
\c@lotdepth=\count318
\cftbeforelottitleskip=\skip116
\cftafterlottitleskip=\skip117
\cftbeforetabskip=\skip118
\cfttabindent=\skip119
\cfttabnumwidth=\skip120
)
(d:/software_install/texlive/2022/texmf-dist/tex/latex/marginnote/marginnote.st
y
Package: marginnote 2018/08/09 v1.4b non floating margin notes for LaTeX
\c@mn@abspage=\count319
)
(d:/software_install/texlive/2022/texmf-dist/tex/latex/marginfix/marginfix.sty
Package: marginfix 2020/05/06 v1.2 Fix Margin Paragraphs
\Mfx@inject@insert=\insert252
\Mfx@marginbox=\box72
\Mfx@marginpos@min=\dimen298
\Mfx@marginpos@max=\dimen299
\Mfx@marginspace=\dimen300
\Mfx@marginheight=\dimen301
\Mfx@piece@content=\box73
\Mfx@piece@count=\count320
\Mfx@mparshift=\dimen302
\marginheightadjustment=\dimen303
\marginposadjustment=\dimen304
\Mfx@strutheight=\dimen305
) (d:/software_install/texlive/2022/texmf-dist/tex/latex/enotez/enotez.sty
(d:/software_install/texlive/2022/texmf-dist/tex/latex/l3kernel/expl3.sty
Package: expl3 2022-09-28 L3 programming layer (loader) 

(d:/software_install/texlive/2022/texmf-dist/tex/latex/l3backend/l3backend-pdft
ex.def
File: l3backend-pdftex.def 2022-09-28 L3 backend support: PDF output (pdfTeX)
\l__color_backend_stack_int=\count321
\l__pdf_internal_box=\box74
))
(d:/software_install/texlive/2022/texmf-dist/tex/latex/l3packages/xparse/xparse
.sty
Package: xparse 2022-06-22 L3 Experimental document command parser
)
(d:/software_install/texlive/2022/texmf-dist/tex/latex/l3packages/l3keys2e/l3ke
ys2e.sty
Package: l3keys2e 2022-06-22 LaTeX2e option processing using LaTeX3 keys
)
(d:/software_install/texlive/2022/texmf-dist/tex/latex/l3packages/xtemplate/xte
mplate.sty
Package: xtemplate 2022-06-22 L3 Experimental prototype document functions
\l__xtemplate_tmp_dim=\dimen306
\l__xtemplate_tmp_int=\count322
\l__xtemplate_tmp_muskip=\muskip17
\l__xtemplate_tmp_skip=\skip121
)
Package: enotez 2022/01/04 v0.10d Endnotes for LaTeX2e
\l__enotez_list_preamble_skip=\skip122
\l__enotez_list_postamble_skip=\skip123
\g__enotez_endnote_id_int=\count323
\g__enotez_endnote_mark_int=\count324
\c@endnote=\count325
\g__enotez_list_printed_int=\count326
\l__enotez_tmpa_int=\count327

Package xtemplate Info: Declaring object type 'enotez-list' taking 1
(xtemplate)             argument(s) on line 473.

\l__enotez_list_notes_sep_dim=\dimen307

(d:/software_install/texlive/2022/texmf-dist/tex/latex/translations/translation
s.sty
Package: translations 2022/02/05 v1.12 internationalization of LaTeX2e packages
 (CN)
)) (./Definitions/journalnames.tex)

Class mdpi Warning: You used an invalid journal name or you have not specified 
the journal. The first option of the documentclass command specifies the journa
l. The word 'journal' should be replaced by one of the journal names specified 
in template.tex (in the comment 'Choose between the following MDPI journal'). o
n input line 142.

(d:/software_install/texlive/2022/texmf-dist/tex/latex/amscls/amsthm.sty
Package: amsthm 2020/05/29 v2.20.6
\thm@style=\toks52
\thm@bodyfont=\toks53
\thm@headfont=\toks54
\thm@notefont=\toks55
\thm@headpunct=\toks56
\thm@preskip=\skip124
\thm@postskip=\skip125
\thm@headsep=\skip126
\dth@everypar=\toks57
)
\c@theorem=\count328
\c@lemma=\count329
\c@corollary=\count330
\c@proposition=\count331
\c@characterization=\count332
\c@property=\count333
\c@problem=\count334
\c@example=\count335
\c@examplesanddefinitions=\count336
\c@remark=\count337
\c@definition=\count338
\c@hypothesis=\count339
\c@notation=\count340
\c@assumption=\count341
\c@algorithm=\count342

(d:/software_install/texlive/2022/texmf-dist/tex/latex/natbib/natbib.sty
Package: natbib 2010/09/13 8.31b (PWD, AO)
\bibhang=\skip127
\bibsep=\skip128
LaTeX Info: Redefining \cite on input line 694.
\c@NAT@ctr=\count343
)
(d:/software_install/texlive/2022/texmf-dist/tex/latex/koma-script/scrextend.st
y
Package: scrextend 2022/07/04 v3.37 KOMA-Script package (extend other classes w
ith features of KOMA-Script classes)

(d:/software_install/texlive/2022/texmf-dist/tex/latex/koma-script/scrkbase.sty
Package: scrkbase 2022/07/04 v3.37 KOMA-Script package (KOMA-Script-dependent b
asics and keyval usage)
(d:/software_install/texlive/2022/texmf-dist/tex/latex/koma-script/scrbase.sty
Package: scrbase 2022/07/04 v3.37 KOMA-Script package (KOMA-Script-independent 
basics and keyval usage)

(d:/software_install/texlive/2022/texmf-dist/tex/latex/koma-script/scrlfile.sty
Package: scrlfile 2022/07/04 v3.37 KOMA-Script package (file load hooks)

(d:/software_install/texlive/2022/texmf-dist/tex/latex/koma-script/scrlfile-hoo
k.sty
Package: scrlfile-hook 2022/07/04 v3.37 KOMA-Script package (using LaTeX hooks)


(d:/software_install/texlive/2022/texmf-dist/tex/latex/koma-script/scrlogo.sty
Package: scrlogo 2022/07/04 v3.37 KOMA-Script package (logo)
)))
Applying: [2021/05/01] Usage of raw or classic option list on input line 252.
Already applied: [0000/00/00] Usage of raw or classic option list on input line
 368.
))) (d:/software_install/texlive/2022/texmf-dist/tex/latex/url/url.sty
\Urlmuskip=\muskip18
Package: url 2013/09/16  ver 3.4  Verb mode for urls, etc.
)
\c@page@totc=\count344
\MyLen=\skip129
\MyBox=\box75
\leftcolumnlength=\skip130
\extralength=\skip131
\fulllength=\skip132

(d:/software_install/texlive/2022/texmf-dist/tex/latex/geometry/geometry.sty
Package: geometry 2020/01/02 v5.9 Page Geometry

(d:/software_install/texlive/2022/texmf-dist/tex/generic/iftex/ifvtex.sty
Package: ifvtex 2019/10/25 v1.7 ifvtex legacy package. Use iftex instead.
)
\Gm@cnth=\count345
\Gm@cntv=\count346
\c@Gm@tempcnt=\count347
\Gm@bindingoffset=\dimen308
\Gm@wd@mp=\dimen309
\Gm@odd@mp=\dimen310
\Gm@even@mp=\dimen311
\Gm@layoutwidth=\dimen312
\Gm@layoutheight=\dimen313
\Gm@layouthoffset=\dimen314
\Gm@layoutvoffset=\dimen315
\Gm@dimlist=\toks58
)
(d:/software_install/texlive/2022/texmf-dist/tex/latex/newfloat/newfloat.sty
Package: newfloat 2019/09/02 v1.1l Defining new floating environments (AR)
)
Package newfloat Info: New float `listing' with options `' on input line 1381.
\c@listing=\count348
Package newfloat Info: float type `listing'=4 on input line 1381.
\c@lolistingdepth=\count349
Package newfloat Info: New float `boxenv' with options `name=Box' on input line
 1382.
\c@boxenv=\count350
Package newfloat Info: float type `boxenv'=8 on input line 1382.
\c@loboxenvdepth=\count351
Package newfloat Info: New float `chart' with options `' on input line 1383.
\c@chart=\count352
Package newfloat Info: float type `chart'=16 on input line 1383.
\c@lochartdepth=\count353
Package newfloat Info: New float `scheme' with options `' on input line 1384.
\c@scheme=\count354
Package newfloat Info: float type `scheme'=32 on input line 1384.
\c@loschemedepth=\count355
Package newfloat Info: New float `figurewide' with options `' on input line 138
5.
\c@figurewide=\count356
Package newfloat Info: float type `figurewide'=64 on input line 1385.
\c@lofigurewidedepth=\count357

(d:/software_install/texlive/2022/texmf-dist/tex/latex/caption/caption.sty
Package: caption 2022/03/01 v3.6b Customizing captions (AR)

(d:/software_install/texlive/2022/texmf-dist/tex/latex/caption/caption3.sty
Package: caption3 2022/03/17 v2.3b caption3 kernel (AR)
\caption@tempdima=\dimen316
\captionmargin=\dimen317
\caption@leftmargin=\dimen318
\caption@rightmargin=\dimen319
\caption@width=\dimen320
\caption@indent=\dimen321
\caption@parindent=\dimen322
\caption@hangindent=\dimen323
Package caption Info: Standard document class detected.
)
\c@caption@flags=\count358
\c@continuedfloat=\count359
Package caption Info: changepage package is loaded.
\caption@adjustwidth@hsize=\dimen324
\caption@adjustwidth@linewidth=\dimen325
Package caption Info: float package is loaded.
)
\@justcentbox=\box76

(d:/software_install/texlive/2022/texmf-dist/tex/latex/seqsplit/seqsplit.sty
Package: seqsplit 2006/08/07 v0.1 Splitting long sequences (DNA, RNA, proteins,
 etc.) 
)
\cellWidtha=\skip133
\cellWidthb=\skip134
\cellWidthc=\skip135
\cellWidthd=\skip136
\cellWidthe=\skip137
\cellWidthf=\skip138
\cellWidthg=\skip139
\cellWidthh=\skip140
\cellWidthi=\skip141
\cellWidthj=\skip142
\cellWidthk=\skip143
\cellWidthl=\skip144
\cellWidthm=\skip145
\cellWidthn=\skip146
\cellWidtho=\skip147
\cellWidthp=\skip148
\cellWidthq=\skip149
\cellWidthr=\skip150
\cellWidths=\skip151
\cellWidtht=\skip152
\cellWidthu=\skip153
\cellWidthv=\skip154
\cellWidthw=\skip155
\cellWidthx=\skip156
\cellWidthy=\skip157
\cellWidthz=\skip158
\cellWidthA=\skip159
\cellWidthB=\skip160
\cellWidthC=\skip161
\cellWidthD=\skip162
\cellWidthE=\skip163
\cellWidthF=\skip164
\cellWidthG=\skip165
\cellWidthH=\skip166
\cellWidthI=\skip167
\cellWidthJ=\skip168
\cellWidthK=\skip169
\cellWidthL=\skip170
\cellWidthM=\skip171
\cellWidthN=\skip172
\cellWidthO=\skip173
\cellWidthP=\skip174
\cellWidthQ=\skip175
\cellWidthR=\skip176
\cellWidthS=\skip177
\cellWidthT=\skip178
\cellWidthU=\skip179
\cellWidthV=\skip180
\cellWidthW=\skip181
\cellWidthX=\skip182
\cellWidthY=\skip183
\cellWidthZ=\skip184
)
(d:/software_install/texlive/2022/texmf-dist/tex/latex/algorithms/algorithm.sty
Package: algorithm 2009/08/24 v0.1 Document Style `algorithm' - floating enviro
nment
\@float@every@algorithm=\toks59
)
(d:/software_install/texlive/2022/texmf-dist/tex/latex/algorithms/algorithmic.s
ty
Package: algorithmic 2009/08/24 v0.1 Document Style `algorithmic'
\c@ALC@unique=\count360
\c@ALC@line=\count361
\c@ALC@rem=\count362
\c@ALC@depth=\count363
\ALC@tlm=\skip185
\algorithmicindent=\skip186
) (d:/software_install/texlive/2022/texmf-dist/tex/latex/changes/changes.sty
Package: changes 2021/07/15 v4.2.1 changes package

*** changes package 2021/07/15 v4.2.1 ***
(d:/software_install/texlive/2022/texmf-dist/tex/latex/xkeyval/xkeyval.sty
Package: xkeyval 2022/06/16 v2.9 package option processing (HA)

(d:/software_install/texlive/2022/texmf-dist/tex/generic/xkeyval/xkeyval.tex
(d:/software_install/texlive/2022/texmf-dist/tex/generic/xkeyval/xkvutils.tex
\XKV@toks=\toks60
\XKV@tempa@toks=\toks61
)
\XKV@depth=\count364
File: xkeyval.tex 2014/12/03 v2.7a key=value parser (HA)
)) (d:/software_install/texlive/2022/texmf-dist/tex/generic/xstring/xstring.sty

(d:/software_install/texlive/2022/texmf-dist/tex/generic/xstring/xstring.tex
\integerpart=\count365
\decimalpart=\count366
)
Package: xstring 2021/07/21 v1.84 String manipulations (CT)
)
ulem-option 'normalem,normalbf', passed to package ulem
truncate-option 'breakall,fit', passed to package truncate
(d:/software_install/texlive/2022/texmf-dist/tex/generic/ulem/ulem.sty
\UL@box=\box77
\UL@hyphenbox=\box78
\UL@skip=\skip187
\UL@hook=\toks62
\UL@height=\dimen326
\UL@pe=\count367
\UL@pixel=\dimen327
\ULC@box=\box79
Package: ulem 2019/11/18
\ULdepth=\dimen328
)
(d:/software_install/texlive/2022/texmf-dist/tex/latex/todonotes/todonotes.sty
Package: todonotes 2021/06/04 v1.1.5 Todonotes source and documentation.
Package: todonotes 2021/06/04

(d:/software_install/texlive/2022/texmf-dist/tex/generic/pgf/frontendlayer/tikz
/libraries/tikzlibrarypositioning.code.tex
File: tikzlibrarypositioning.code.tex 2021/05/15 v3.1.9a (3.1.9a)
)
\c@@todonotes@numberoftodonotes=\count368
)
\c@Changes@AuthorCount=\count369
\c@Changes@Author=\count370
\c@Changes@addedCount=\count371
\c@Changes@deletedCount=\count372
\c@Changes@replacedCount=\count373
\c@Changes@highlightCount=\count374
\c@Changes@commentCount=\count375
\c@authorcommentcount=\count376

(d:/software_install/texlive/2022/texmf-dist/tex/latex/truncate/truncate.sty
Package: truncate 2001/08/20  ver 3.6
\@Trunc@RestHyph=\toks63
)
\Changestruncatewidth=\skip188
\Changes@summary@width=\skip189
)
\c@Changes@addedCountLin=\count377
\c@Changes@deletedCountLin=\count378
\c@Changes@replacedCountLin=\count379
\c@Changes@highlightCountLin=\count380
\c@Changes@commentCountLin=\count381
Package translations Info: No language package found. I am going to use `englis
h' as default language. on input line 109.

(d:/software_install/texlive/2022/texmf-dist/tex/latex/hyperref/hyperref.sty
Package: hyperref 2022-09-22 v7.00t Hypertext links for LaTeX

(d:/software_install/texlive/2022/texmf-dist/tex/generic/pdfescape/pdfescape.st
y
Package: pdfescape 2019/12/09 v1.15 Implements pdfTeX's escape features (HO)
) (d:/software_install/texlive/2022/texmf-dist/tex/latex/hycolor/hycolor.sty
Package: hycolor 2020-01-27 v1.10 Color options for hyperref/bookmark (HO)
)
(d:/software_install/texlive/2022/texmf-dist/tex/latex/letltxmacro/letltxmacro.
sty
Package: letltxmacro 2019/12/03 v1.6 Let assignment for LaTeX macros (HO)
) (d:/software_install/texlive/2022/texmf-dist/tex/latex/auxhook/auxhook.sty
Package: auxhook 2019-12-17 v1.6 Hooks for auxiliary files (HO)
) (d:/software_install/texlive/2022/texmf-dist/tex/latex/hyperref/nameref.sty
Package: nameref 2022-05-17 v2.50 Cross-referencing by name of section

(d:/software_install/texlive/2022/texmf-dist/tex/latex/refcount/refcount.sty
Package: refcount 2019/12/15 v3.6 Data extraction from label references (HO)
)
(d:/software_install/texlive/2022/texmf-dist/tex/generic/gettitlestring/gettitl
estring.sty
Package: gettitlestring 2019/12/15 v1.6 Cleanup title references (HO)
)
\c@section@level=\count382
)
\@linkdim=\dimen329
\Hy@linkcounter=\count383
\Hy@pagecounter=\count384

(d:/software_install/texlive/2022/texmf-dist/tex/latex/hyperref/pd1enc.def
File: pd1enc.def 2022-09-22 v7.00t Hyperref: PDFDocEncoding definition (HO)
Now handling font encoding PD1 ...
... no UTF-8 mapping file for font encoding PD1
)
(d:/software_install/texlive/2022/texmf-dist/tex/generic/intcalc/intcalc.sty
Package: intcalc 2019/12/15 v1.3 Expandable calculations with integers (HO)
)
(d:/software_install/texlive/2022/texmf-dist/tex/generic/etexcmds/etexcmds.sty
Package: etexcmds 2019/12/15 v1.7 Avoid name clashes with e-TeX commands (HO)
)
\Hy@SavedSpaceFactor=\count385
(d:/software_install/texlive/2022/texmf-dist/tex/latex/hyperref/puenc.def
File: puenc.def 2022-09-22 v7.00t Hyperref: PDF Unicode definition (HO)
Now handling font encoding PU ...
... no UTF-8 mapping file for font encoding PU
)
Package hyperref Info: Option `unicode' set `true' on input line 4045.
Package hyperref Info: Option `bookmarksopen' set `true' on input line 4045.
Package hyperref Info: Option `pdffitwindow' set `true' on input line 4045.
Package hyperref Info: Option `colorlinks' set `true' on input line 4045.
Package hyperref Info: Option `hyperfootnotes' set `true' on input line 4045.
Package hyperref Info: Hyper figures OFF on input line 4162.
Package hyperref Info: Link nesting OFF on input line 4167.
Package hyperref Info: Hyper index ON on input line 4170.
Package hyperref Info: Plain pages OFF on input line 4177.
Package hyperref Info: Backreferencing OFF on input line 4182.
Package hyperref Info: Implicit mode ON; LaTeX internals redefined.
Package hyperref Info: Bookmarks ON on input line 4410.
\c@Hy@tempcnt=\count386
LaTeX Info: Redefining \url on input line 4748.
\XeTeXLinkMargin=\dimen330

(d:/software_install/texlive/2022/texmf-dist/tex/generic/bitset/bitset.sty
Package: bitset 2019/12/09 v1.3 Handle bit-vector datatype (HO)

(d:/software_install/texlive/2022/texmf-dist/tex/generic/bigintcalc/bigintcalc.
sty
Package: bigintcalc 2019/12/15 v1.5 Expandable calculations on big integers (HO
)
))
\Fld@menulength=\count387
\Field@Width=\dimen331
\Fld@charsize=\dimen332
Package hyperref Info: Hyper figures OFF on input line 6027.
Package hyperref Info: Link nesting OFF on input line 6032.
Package hyperref Info: Hyper index ON on input line 6035.
Package hyperref Info: backreferencing OFF on input line 6042.
Package hyperref Info: Link coloring ON on input line 6045.
Package hyperref Info: Link coloring with OCG OFF on input line 6052.
Package hyperref Info: PDF/A mode OFF on input line 6057.

(d:/software_install/texlive/2022/texmf-dist/tex/latex/base/atbegshi-ltx.sty
Package: atbegshi-ltx 2021/01/10 v1.0c Emulation of the original atbegshi
package with kernel methods
)
\Hy@abspage=\count388
\c@Item=\count389
\c@Hfootnote=\count390
)
Package hyperref Info: Driver: hpdftex.

(d:/software_install/texlive/2022/texmf-dist/tex/latex/hyperref/hpdftex.def
File: hpdftex.def 2022-09-22 v7.00t Hyperref driver for pdfTeX

(d:/software_install/texlive/2022/texmf-dist/tex/latex/base/atveryend-ltx.sty
Package: atveryend-ltx 2020/08/19 v1.0a Emulation of the original atveryend pac
kage
with kernel methods
)
\Fld@listcount=\count391
\c@bookmark@seq@number=\count392

(d:/software_install/texlive/2022/texmf-dist/tex/latex/rerunfilecheck/rerunfile
check.sty
Package: rerunfilecheck 2022-07-10 v1.10 Rerun checks for auxiliary files (HO)

(d:/software_install/texlive/2022/texmf-dist/tex/generic/uniquecounter/uniqueco
unter.sty
Package: uniquecounter 2019/12/15 v1.4 Provide unlimited unique counter (HO)
)
Package uniquecounter Info: New unique counter `rerunfilecheck' on input line 2
85.
)
\Hy@SectionHShift=\skip190
)
LaTeX Font Info:    Trying to load font information for T1+ppl on input line 10
9.

(d:/software_install/texlive/2022/texmf-dist/tex/latex/psnfss/t1ppl.fd
File: t1ppl.fd 2001/06/04 font definitions for T1/ppl.
)
(./template.aux)
\openout1 = `template.aux'.

LaTeX Font Info:    Checking defaults for OML/cmm/m/it on input line 109.
LaTeX Font Info:    ... okay on input line 109.
LaTeX Font Info:    Checking defaults for OMS/cmsy/m/n on input line 109.
LaTeX Font Info:    ... okay on input line 109.
LaTeX Font Info:    Checking defaults for OT1/cmr/m/n on input line 109.
LaTeX Font Info:    ... okay on input line 109.
LaTeX Font Info:    Checking defaults for T1/cmr/m/n on input line 109.
LaTeX Font Info:    ... okay on input line 109.
LaTeX Font Info:    Checking defaults for TS1/cmr/m/n on input line 109.
LaTeX Font Info:    ... okay on input line 109.
LaTeX Font Info:    Checking defaults for OMX/cmex/m/n on input line 109.
LaTeX Font Info:    ... okay on input line 109.
LaTeX Font Info:    Checking defaults for U/cmr/m/n on input line 109.
LaTeX Font Info:    ... okay on input line 109.
LaTeX Font Info:    Checking defaults for PD1/pdf/m/n on input line 109.
LaTeX Font Info:    ... okay on input line 109.
LaTeX Font Info:    Checking defaults for PU/pdf/m/n on input line 109.
LaTeX Font Info:    ... okay on input line 109.

(d:/software_install/texlive/2022/texmf-dist/tex/context/base/mkii/supp-pdf.mki
i
[Loading MPS to PDF converter (version 2006.09.02).]
\scratchcounter=\count393
\scratchdimen=\dimen333
\scratchbox=\box80
\nofMPsegments=\count394
\nofMParguments=\count395
\everyMPshowfont=\toks64
\MPscratchCnt=\count396
\MPscratchDim=\dimen334
\MPnumerator=\count397
\makeMPintoPDFobject=\count398
\everyMPtoPDFconversion=\toks65
)
Package lastpage Info: Please have a look at the pageslts package at
(lastpage)             https://www.ctan.org/pkg/pageslts
(lastpage)             ! on input line 109.
LaTeX Info: Redefining \microtypecontext on input line 109.
Package microtype Info: Applying patch `item' on input line 109.
Package microtype Info: Applying patch `toc' on input line 109.
Package microtype Info: Applying patch `eqnum' on input line 109.
Package microtype Info: Applying patch `footnote' on input line 109.
Package microtype Info: Generating PDF output.
Package microtype Info: Character protrusion enabled (level 2).
Package microtype Info: Using default protrusion set `alltext'.
Package microtype Info: Automatic font expansion enabled (level 2),
(microtype)             stretch: 20, shrink: 20, step: 1, non-selected.
Package microtype Info: Using default expansion set `alltext-nott'.
LaTeX Info: Redefining \showhyphens on input line 109.
Package microtype Info: No adjustment of tracking.
Package microtype Info: No adjustment of interword spacing.
Package microtype Info: No adjustment of character kerning.
 (d:/software_install/texlive/2022/texmf-dist/tex/latex/microtype/mt-ppl.cfg
File: mt-ppl.cfg 2005/11/16 v1.6 microtype config. file: Palatino (RS)
)
(d:/software_install/texlive/2022/texmf-dist/tex/latex/translations/translation
s-basic-dictionary-english.trsl
File: translations-basic-dictionary-english.trsl (english translation file `tra
nslations-basic-dictionary')
)
Package translations Info: loading dictionary `translations-basic-dictionary' f
or `english'. on input line 109.

*geometry* detected driver: pdftex
*geometry* verbose mode - [ preamble ] result:
* driver: pdftex
* paper: <default>
* layout: <same size as paper>
* layoutoffset:(h,v)=(0.0pt,0.0pt)
* modes: includehead includefoot 
* h-part:(L,W,R)=(167.01753pt, 394.35522pt, 36.13512pt)
* v-part:(T,H,B)=(51.21504pt, 772.49225pt, 21.33955pt)
* \paperwidth=597.50787pt
* \paperheight=845.04684pt
* \textwidth=394.35522pt
* \textheight=688.49225pt
* \oddsidemargin=94.74754pt
* \evensidemargin=94.74754pt
* \topmargin=-21.05495pt
* \headheight=12.0pt
* \headsep=24.0pt
* \topskip=10.0pt
* \footskip=48.0pt
* \marginparwidth=116.65646pt
* \marginparsep=14.51074pt
* \columnsep=10.0pt
* \skip\footins=17.07182pt
* \hoffset=0.0pt
* \voffset=0.0pt
* \mag=1000
* \@twocolumnfalse
* \@twosidefalse
* \@mparswitchfalse
* \@reversemargintrue
* (1in=72.27pt=25.4mm, 1cm=28.453pt)

Package newfloat Info: `float' package detected.
Package caption Info: Begin \AtBeginDocument code.
Package caption Info: hyperref package is loaded.
Package caption Info: End \AtBeginDocument code.
Package hyperref Info: Link coloring ON on input line 109.
(./template.out) (./template.out)
\@outlinefile=\write4
\openout4 = `template.out'.

LaTeX Font Info:    Trying to load font information for TS1+ppl on input line 1
09.

(d:/software_install/texlive/2022/texmf-dist/tex/latex/psnfss/ts1ppl.fd
File: ts1ppl.fd 2001/06/04 font definitions for TS1/ppl.
)
Underfull \hbox (badness 3590) in paragraph at lines 109--109
\T1/ppl/m/n/7 (+20) Submitted to \T1/ppl/m/it/7 (+20) Jour-nal Not Spec-i-fied
 []


Underfull \hbox (badness 10000) in paragraph at lines 109--109
\T1/ppl/m/n/7 (+20) un-der the terms and con-di-tions
 []


Underfull \hbox (badness 10000) in paragraph at lines 109--109
\T1/ppl/m/n/7 (+20) of the Cre-ative Com-mons Attri-
 []


Underfull \hbox (badness 8019) in paragraph at lines 109--109
\T1/ppl/m/n/7 (+20) bu-tion (CC BY) li-cense ([][]https://[][]
 []


Underfull \hbox (badness 10000) in paragraph at lines 109--109
[][]\T1/ppl/m/n/7 (+20) creativecommons.org/licenses/by/[][]
 []

LaTeX Font Info:    Trying to load font information for OT1+ppl on input line 1
09.
(d:/software_install/texlive/2022/texmf-dist/tex/latex/psnfss/ot1ppl.fd
File: ot1ppl.fd 2001/06/04 font definitions for OT1/ppl.
)
LaTeX Font Info:    Trying to load font information for OML+zplm on input line 
109.

(d:/software_install/texlive/2022/texmf-dist/tex/latex/psnfss/omlzplm.fd
File: omlzplm.fd 2002/09/08 Fontinst v1.914 font definitions for OML/zplm.
)
LaTeX Font Info:    Trying to load font information for OMS+zplm on input line 
109.

(d:/software_install/texlive/2022/texmf-dist/tex/latex/psnfss/omszplm.fd
File: omszplm.fd 2002/09/08 Fontinst v1.914 font definitions for OMS/zplm.
)
LaTeX Font Info:    Trying to load font information for OMX+zplm on input line 
109.

(d:/software_install/texlive/2022/texmf-dist/tex/latex/psnfss/omxzplm.fd
File: omxzplm.fd 2002/09/08 Fontinst v1.914 font definitions for OMX/zplm.
)
LaTeX Font Info:    Font shape `U/msa/m/n' will be
(Font)              scaled to size 10.42007pt on input line 109.

(d:/software_install/texlive/2022/texmf-dist/tex/latex/microtype/mt-msa.cfg
File: mt-msa.cfg 2006/02/04 v1.1 microtype config. file: AMS symbols (a) (RS)
)
LaTeX Font Info:    Font shape `U/msa/m/n' will be
(Font)              scaled to size 7.91925pt on input line 109.
LaTeX Font Info:    Font shape `U/msa/m/n' will be
(Font)              scaled to size 6.25204pt on input line 109.
LaTeX Font Info:    Font shape `U/msb/m/n' will be
(Font)              scaled to size 10.42007pt on input line 109.

(d:/software_install/texlive/2022/texmf-dist/tex/latex/microtype/mt-msb.cfg
File: mt-msb.cfg 2005/06/01 v1.0 microtype config. file: AMS symbols (b) (RS)
)
LaTeX Font Info:    Font shape `U/msb/m/n' will be
(Font)              scaled to size 7.91925pt on input line 109.
LaTeX Font Info:    Font shape `U/msb/m/n' will be
(Font)              scaled to size 6.25204pt on input line 109.
LaTeX Font Info:    Trying to load font information for OT1+zplm on input line 
109.

(d:/software_install/texlive/2022/texmf-dist/tex/latex/psnfss/ot1zplm.fd
File: ot1zplm.fd 2002/09/08 Fontinst v1.914 font definitions for OT1/zplm.
)
Package microtype Info: Loading generic protrusion settings for font family
(microtype)             `zplm' (encoding: OT1).
(microtype)             For optimal results, create family-specific settings.
(microtype)             See the microtype manual for details.

(d:/software_install/texlive/2022/texmf-dist/tex/latex/microtype/mt-eur.cfg
File: mt-eur.cfg 2006/07/31 v1.1 microtype config. file: AMS Euler Roman (RS)
)
LaTeX Font Info:    Redeclaring symbol font `AMSb' on input line 109.
LaTeX Font Info:    Overwriting symbol font `AMSb' in version `normal'
(Font)                  U/msb/m/n --> U/msb/m/n on input line 109.
LaTeX Font Info:    Overwriting symbol font `AMSb' in version `bold'
(Font)                  U/msb/m/n --> U/msb/m/n on input line 109.


Package hyperref Warning: Token not allowed in a PDF string (Unicode):
(hyperref)                removing `\added' on input line 109.


Package hyperref Warning: Token not allowed in a PDF string (Unicode):
(hyperref)                removing `\added' on input line 109.


Package hyperref Warning: Token not allowed in a PDF string (Unicode):
(hyperref)                removing `\replaced' on input line 109.


Package hyperref Warning: Token not allowed in a PDF string (Unicode):
(hyperref)                removing `\replaced' on input line 109.


Package hyperref Warning: Token not allowed in a PDF string (Unicode):
(hyperref)                removing `\replaced' on input line 109.


Package hyperref Warning: Token not allowed in a PDF string (Unicode):
(hyperref)                removing `\replaced' on input line 109.


Package hyperref Warning: Token not allowed in a PDF string (Unicode):
(hyperref)                removing `\replaced' on input line 109.


Package hyperref Warning: Token not allowed in a PDF string (Unicode):
(hyperref)                removing `\replaced' on input line 109.


Package hyperref Warning: Token not allowed in a PDF string (Unicode):
(hyperref)                removing `\replaced' on input line 109.


Package hyperref Warning: Token not allowed in a PDF string (Unicode):
(hyperref)                removing `\replaced' on input line 109.


Package hyperref Warning: Token not allowed in a PDF string (Unicode):
(hyperref)                removing `\replaced' on input line 109.

Package marginnote Info: Margin note 1.1 is on absolute page 1 on input line 10
9.
Package marginnote Info: right page because not two side mode on input line 109
.

Underfull \hbox (badness 3590) in paragraph at lines 109--109
\T1/ppl/m/n/7 (+20) Submitted to \T1/ppl/m/it/7 (+20) Jour-nal Not Spec-i-fied
 []


Underfull \hbox (badness 10000) in paragraph at lines 109--109
\T1/ppl/m/n/7 (+20) un-der the terms and con-di-tions
 []


Underfull \hbox (badness 10000) in paragraph at lines 109--109
\T1/ppl/m/n/7 (+20) of the Cre-ative Com-mons Attri-
 []


Underfull \hbox (badness 8019) in paragraph at lines 109--109
\T1/ppl/m/n/7 (+20) bu-tion (CC BY) li-cense ([][]https://[][]
 []


Underfull \hbox (badness 10000) in paragraph at lines 109--109
[][]\T1/ppl/m/n/7 (+20) creativecommons.org/licenses/by/[][]
 []

Package marginnote Info: xpos seems to be 167.01753pt on input line 109.
Package epstopdf Info: Source file: <Definitions/logo-mdpi.eps>
(epstopdf)                    date: 2018-07-22 06:33:52
(epstopdf)                    size: 736786 bytes
(epstopdf)             Output file: <Definitions/logo-mdpi-eps-converted-to.pdf
>
(epstopdf)                    date: 2022-12-06 22:19:03
(epstopdf)                    size: 43930 bytes
(epstopdf)             Command: <repstopdf --outfile=Definitions/logo-mdpi-eps-
converted-to.pdf Definitions/logo-mdpi.eps>
(epstopdf)             \includegraphics on input line 109.
Package epstopdf Info: Output file is already uptodate.
<Definitions/logo-mdpi-eps-converted-to.pdf, id=102, 88.33pt x 58.2175pt>
File: Definitions/logo-mdpi-eps-converted-to.pdf Graphic file (type pdf)
<use Definitions/logo-mdpi-eps-converted-to.pdf>
Package pdftex.def Info: Definitions/logo-mdpi-eps-converted-to.pdf  used on in
put line 109.
(pdftex.def)             Requested size: 43.16885pt x 28.45274pt.
<Definitions/logo-orcid.pdf, id=104, 102.3825pt x 102.3825pt>
File: Definitions/logo-orcid.pdf Graphic file (type pdf)
<use Definitions/logo-orcid.pdf>
Package pdftex.def Info: Definitions/logo-orcid.pdf  used on input line 109.
(pdftex.def)             Requested size: 9.10509pt x 9.10466pt.
LaTeX Font Info:    Font shape `U/msa/m/n' will be
(Font)              scaled to size 8.33606pt on input line 109.
LaTeX Font Info:    Font shape `U/msa/m/n' will be
(Font)              scaled to size 5.21004pt on input line 109.
LaTeX Font Info:    Font shape `U/msb/m/n' will be
(Font)              scaled to size 8.33606pt on input line 109.
LaTeX Font Info:    Font shape `U/msb/m/n' will be
(Font)              scaled to size 5.21004pt on input line 109.
Package hyperref Info: bookmark level for unknown added defaults to 0 on input 
line 109.
Package hyperref Info: bookmark level for unknown replaced defaults to 0 on inp
ut line 109.
LaTeX Font Info:    Trying to load font information for T1+cmss on input line 1
09.
(d:/software_install/texlive/2022/texmf-dist/tex/latex/base/t1cmss.fd
File: t1cmss.fd 2019/12/16 v2.5j Standard LaTeX font definitions
)
Package microtype Info: Loading generic protrusion settings for font family
(microtype)             `cmss' (encoding: T1).
(microtype)             For optimal results, create family-specific settings.
(microtype)             See the microtype manual for details.
Package hyperref Info: bookmark level for unknown deleted defaults to 0 on inpu
t line 116.


Package fancyhdr Warning: \headheight is too small (12.0pt): 
(fancyhdr)                Make it at least 20.0pt, for example:
(fancyhdr)                \setlength{\headheight}{20.0pt}.
(fancyhdr)                You might also make \topmargin smaller to compensate:

(fancyhdr)                \addtolength{\topmargin}{-8.0pt}.

[1

{d:/software_install/texlive/2022/texmf-var/fonts/map/pdftex/updmap/pdftex.map}
 <./Definitions/logo-mdpi-eps-converted-to.pdf> <./Definitions/logo-orcid.pdf>]

Overfull \hbox (18.96974pt too wide) in paragraph at lines 124--125
[]|   []   |   []   |   []   |   []   |   []   |   []   |   []   |   []   |   [
]   |   []   |   []   |   []
 []


Package fancyhdr Warning: \headheight is too small (12.0pt): 
(fancyhdr)                Make it at least 16.18796pt, for example:
(fancyhdr)                \setlength{\headheight}{16.18796pt}.
(fancyhdr)                You might also make \topmargin smaller to compensate:

(fancyhdr)                \addtolength{\topmargin}{-4.18796pt}.

[2]

Package fancyhdr Warning: \headheight is too small (12.0pt): 
(fancyhdr)                Make it at least 16.18796pt, for example:
(fancyhdr)                \setlength{\headheight}{16.18796pt}.
(fancyhdr)                You might also make \topmargin smaller to compensate:

(fancyhdr)                \addtolength{\topmargin}{-4.18796pt}.

[3]

Package fancyhdr Warning: \headheight is too small (12.0pt): 
(fancyhdr)                Make it at least 16.18796pt, for example:
(fancyhdr)                \setlength{\headheight}{16.18796pt}.
(fancyhdr)                You might also make \topmargin smaller to compensate:

(fancyhdr)                \addtolength{\topmargin}{-4.18796pt}.

[4]
<./fig//1.jpg, id=283, 400.332pt x 205.641pt>
File: ./fig//1.jpg Graphic file (type jpg)
<use ./fig//1.jpg>
Package pdftex.def Info: ./fig//1.jpg  used on input line 172.
(pdftex.def)             Requested size: 236.61554pt x 121.54364pt.
<./fig//10.jpg, id=288, 684.594pt x 339.231pt>
File: ./fig//10.jpg Graphic file (type jpg)
<use ./fig//10.jpg>
Package pdftex.def Info: ./fig//10.jpg  used on input line 187.
(pdftex.def)             Requested size: 374.63625pt x 185.64589pt.


Package fancyhdr Warning: \headheight is too small (12.0pt): 
(fancyhdr)                Make it at least 16.18796pt, for example:
(fancyhdr)                \setlength{\headheight}{16.18796pt}.
(fancyhdr)                You might also make \topmargin smaller to compensate:

(fancyhdr)                \addtolength{\topmargin}{-4.18796pt}.

[5 <./fig//1.jpg> <./fig//10.jpg>]

Package hyperref Warning: Token not allowed in a PDF string (Unicode):
(hyperref)                removing `\replaced' on input line 195.

<./fig//2.jpg, id=309, 552.756pt x 238.491pt>
File: ./fig//2.jpg Graphic file (type jpg)
<use ./fig//2.jpg>
Package pdftex.def Info: ./fig//2.jpg  used on input line 210.
(pdftex.def)             Requested size: 315.48538pt x 136.11958pt.

Package fancyhdr Warning: \headheight is too small (12.0pt): 
(fancyhdr)                Make it at least 16.18796pt, for example:
(fancyhdr)                \setlength{\headheight}{16.18796pt}.
(fancyhdr)                You might also make \topmargin smaller to compensate:

(fancyhdr)                \addtolength{\topmargin}{-4.18796pt}.

[6 <./fig//2.jpg>]
<./fig//3.jpg, id=332, 606.411pt x 224.475pt>
File: ./fig//3.jpg Graphic file (type jpg)
<use ./fig//3.jpg>
Package pdftex.def Info: ./fig//3.jpg  used on input line 221.
(pdftex.def)             Requested size: 354.91728pt x 131.37727pt.
LaTeX Font Info:    Font shape `U/msa/m/n' will be
(Font)              scaled to size 9.37807pt on input line 222.
LaTeX Font Info:    Font shape `U/msa/m/n' will be
(Font)              scaled to size 7.29405pt on input line 222.
LaTeX Font Info:    Font shape `U/msb/m/n' will be
(Font)              scaled to size 9.37807pt on input line 222.
LaTeX Font Info:    Font shape `U/msb/m/n' will be
(Font)              scaled to size 7.29405pt on input line 222.


Package amsmath Warning: Cannot use `split' here;
(amsmath)                trying to recover with `aligned' on input line 270.


Package amsmath Warning: Cannot use `split' here;
(amsmath)                trying to recover with `aligned' on input line 281.


Package fancyhdr Warning: \headheight is too small (12.0pt): 
(fancyhdr)                Make it at least 16.18796pt, for example:
(fancyhdr)                \setlength{\headheight}{16.18796pt}.
(fancyhdr)                You might also make \topmargin smaller to compensate:

(fancyhdr)                \addtolength{\topmargin}{-4.18796pt}.

[7 <./fig//3.jpg>]

Package hyperref Warning: Token not allowed in a PDF string (Unicode):
(hyperref)                removing `\replaced' on input line 293.

Package hyperref Info: bookmark level for unknown algorithm defaults to 0 on in
put line 297.

Package hyperref Warning: Token not allowed in a PDF string (Unicode):
(hyperref)                removing `\replaced' on input line 318.

<./fig//4.jpg, id=362, 748.104pt x 200.823pt>
File: ./fig//4.jpg Graphic file (type jpg)
<use ./fig//4.jpg>
Package pdftex.def Info: ./fig//4.jpg  used on input line 331.
(pdftex.def)             Requested size: 354.91728pt x 95.27545pt.

Package fancyhdr Warning: \headheight is too small (12.0pt): 
(fancyhdr)                Make it at least 16.18796pt, for example:
(fancyhdr)                \setlength{\headheight}{16.18796pt}.
(fancyhdr)                You might also make \topmargin smaller to compensate:

(fancyhdr)                \addtolength{\topmargin}{-4.18796pt}.

[8]
<./fig//5.jpg, id=388, 718.758pt x 189.873pt>
File: ./fig//5.jpg Graphic file (type jpg)
<use ./fig//5.jpg>
Package pdftex.def Info: ./fig//5.jpg  used on input line 342.
(pdftex.def)             Requested size: 315.48538pt x 83.34157pt.
<./fig//6.jpg, id=390, 462.528pt x 249.66pt>
File: ./fig//6.jpg Graphic file (type jpg)
<use ./fig//6.jpg>
Package pdftex.def Info: ./fig//6.jpg  used on input line 358.
(pdftex.def)             Requested size: 295.76642pt x 159.65233pt.


Package fancyhdr Warning: \headheight is too small (12.0pt): 
(fancyhdr)                Make it at least 16.18796pt, for example:
(fancyhdr)                \setlength{\headheight}{16.18796pt}.
(fancyhdr)                You might also make \topmargin smaller to compensate:

(fancyhdr)                \addtolength{\topmargin}{-4.18796pt}.

[9 <./fig//4.jpg> <./fig//5.jpg>]
<./fig//7.jpg, id=402, 718.758pt x 185.493pt>
File: ./fig//7.jpg Graphic file (type jpg)
<use ./fig//7.jpg>
Package pdftex.def Info: ./fig//7.jpg  used on input line 378.
(pdftex.def)             Requested size: 315.48538pt x 81.41904pt.


Package fancyhdr Warning: \headheight is too small (12.0pt): 
(fancyhdr)                Make it at least 16.18796pt, for example:
(fancyhdr)                \setlength{\headheight}{16.18796pt}.
(fancyhdr)                You might also make \topmargin smaller to compensate:

(fancyhdr)                \addtolength{\topmargin}{-4.18796pt}.

[10 <./fig//6.jpg>]

Package hyperref Warning: Token not allowed in a PDF string (Unicode):
(hyperref)                removing `\replaced' on input line 385.


Package fancyhdr Warning: \headheight is too small (12.0pt): 
(fancyhdr)                Make it at least 16.18796pt, for example:
(fancyhdr)                \setlength{\headheight}{16.18796pt}.
(fancyhdr)                You might also make \topmargin smaller to compensate:

(fancyhdr)                \addtolength{\topmargin}{-4.18796pt}.

[11 <./fig//7.jpg>]
<./fig//8.jpg, id=455, 801.102pt x 143.883pt>
File: ./fig//8.jpg Graphic file (type jpg)
<use ./fig//8.jpg>
Package pdftex.def Info: ./fig//8.jpg  used on input line 443.
(pdftex.def)             Requested size: 386.46643pt x 69.41212pt.
<./fig//8a.jpg, id=456, 775.698pt x 608.382pt>
File: ./fig//8a.jpg Graphic file (type jpg)
<use ./fig//8a.jpg>
Package pdftex.def Info: ./fig//8a.jpg  used on input line 454.
(pdftex.def)             Requested size: 362.80608pt x 284.5471pt.
<./fig//8b.jpg, id=459, 775.698pt x 607.944pt>
File: ./fig//8b.jpg Graphic file (type jpg)
<use ./fig//8b.jpg>
Package pdftex.def Info: ./fig//8b.jpg  used on input line 464.
(pdftex.def)             Requested size: 362.80608pt x 284.34224pt.
<./fig//8c.jpg, id=462, 720.948pt x 297.183pt>
File: ./fig//8c.jpg Graphic file (type jpg)
<use ./fig//8c.jpg>
Package pdftex.def Info: ./fig//8c.jpg  used on input line 473.
(pdftex.def)             Requested size: 295.76642pt x 121.91837pt.


Package fancyhdr Warning: \headheight is too small (12.0pt): 
(fancyhdr)                Make it at least 16.18796pt, for example:
(fancyhdr)                \setlength{\headheight}{16.18796pt}.
(fancyhdr)                You might also make \topmargin smaller to compensate:

(fancyhdr)                \addtolength{\topmargin}{-4.18796pt}.

[12 <./fig//8.jpg>]

Package fancyhdr Warning: \headheight is too small (12.0pt): 
(fancyhdr)                Make it at least 16.18796pt, for example:
(fancyhdr)                \setlength{\headheight}{16.18796pt}.
(fancyhdr)                You might also make \topmargin smaller to compensate:

(fancyhdr)                \addtolength{\topmargin}{-4.18796pt}.

[13 <./fig//8a.jpg> <./fig//8b.jpg>]
<./fig//9.jpg, id=507, 858.918pt x 165.126pt>
File: ./fig//9.jpg Graphic file (type jpg)
<use ./fig//9.jpg>
Package pdftex.def Info: ./fig//9.jpg  used on input line 494.
(pdftex.def)             Requested size: 386.46643pt x 74.29845pt.
<./fig//coverage_time.jpg, id=517, 858.699pt x 230.388pt>
File: ./fig//coverage_time.jpg Graphic file (type jpg)
<use ./fig//coverage_time.jpg>
Package pdftex.def Info: ./fig//coverage_time.jpg  used on input line 510.
(pdftex.def)             Requested size: 386.46643pt x 103.68768pt.
<./fig//computation_time.jpg, id=518, 858.699pt x 230.388pt>
File: ./fig//computation_time.jpg Graphic file (type jpg)
<use ./fig//computation_time.jpg>
Package pdftex.def Info: ./fig//computation_time.jpg  used on input line 519.
(pdftex.def)             Requested size: 386.46643pt x 103.68768pt.
<./fig//9a.jpg, id=519, 829.134pt x 304.629pt>
File: ./fig//9a.jpg Graphic file (type jpg)
<use ./fig//9a.jpg>
Package pdftex.def Info: ./fig//9a.jpg  used on input line 528.
(pdftex.def)             Requested size: 386.46643pt x 141.99033pt.
<./fig//9b.jpg, id=520, 824.316pt x 295.869pt>
File: ./fig//9b.jpg Graphic file (type jpg)
<use ./fig//9b.jpg>
Package pdftex.def Info: ./fig//9b.jpg  used on input line 537.
(pdftex.def)             Requested size: 386.46643pt x 138.71082pt.


Package fancyhdr Warning: \headheight is too small (12.0pt): 
(fancyhdr)                Make it at least 16.18796pt, for example:
(fancyhdr)                \setlength{\headheight}{16.18796pt}.
(fancyhdr)                You might also make \topmargin smaller to compensate:

(fancyhdr)                \addtolength{\topmargin}{-4.18796pt}.

[14 <./fig//8c.jpg> <./fig//9.jpg>]

Package fancyhdr Warning: \headheight is too small (12.0pt): 
(fancyhdr)                Make it at least 16.18796pt, for example:
(fancyhdr)                \setlength{\headheight}{16.18796pt}.
(fancyhdr)                You might also make \topmargin smaller to compensate:

(fancyhdr)                \addtolength{\topmargin}{-4.18796pt}.

[15 <./fig//coverage_time.jpg> <./fig//computation_time.jpg> <./fig//9a.jpg> <.
/fig//9b.jpg>]

Package hyperref Warning: Token not allowed in a PDF string (Unicode):
(hyperref)                removing `\replaced' on input line 544.


Package hyperref Warning: Token not allowed in a PDF string (Unicode):
(hyperref)                removing `\replaced' on input line 544.

<./fig//11b.jpg, id=554, 882.57pt x 144.102pt>
File: ./fig//11b.jpg Graphic file (type jpg)
<use ./fig//11b.jpg>
Package pdftex.def Info: ./fig//11b.jpg  used on input line 551.
(pdftex.def)             Requested size: 386.46643pt x 63.09944pt.
<./fig//12.jpg, id=555, 804.606pt x 143.883pt>
File: ./fig//12.jpg Graphic file (type jpg)
<use ./fig//12.jpg>
Package pdftex.def Info: ./fig//12.jpg  used on input line 560.
(pdftex.def)             Requested size: 386.46643pt x 69.10915pt.
(./template.bbl

Package fancyhdr Warning: \headheight is too small (12.0pt): 
(fancyhdr)                Make it at least 16.18796pt, for example:
(fancyhdr)                \setlength{\headheight}{16.18796pt}.
(fancyhdr)                You might also make \topmargin smaller to compensate:

(fancyhdr)                \addtolength{\topmargin}{-4.18796pt}.

[16 <./fig//11b.jpg> <./fig//12.jpg>]

Package fancyhdr Warning: \headheight is too small (12.0pt): 
(fancyhdr)                Make it at least 16.18796pt, for example:
(fancyhdr)                \setlength{\headheight}{16.18796pt}.
(fancyhdr)                You might also make \topmargin smaller to compensate:

(fancyhdr)                \addtolength{\topmargin}{-4.18796pt}.

[17]) 
AED: lastpage setting LastPage

Package fancyhdr Warning: \headheight is too small (12.0pt): 
(fancyhdr)                Make it at least 16.18796pt, for example:
(fancyhdr)                \setlength{\headheight}{16.18796pt}.
(fancyhdr)                You might also make \topmargin smaller to compensate:

(fancyhdr)                \addtolength{\topmargin}{-4.18796pt}.

[18]
\Changes@OutFile=\write5
\openout5 = `template.soc'.

\tf@loc=\write6
\openout6 = `template.loc'.

 (./template.aux)
Package rerunfilecheck Info: File `template.out' has not changed.
(rerunfilecheck)             Checksum: B68A8724428078196ACDF78B03460D08;4219.
 ) 
Here is how much of TeX's memory you used:
 33791 strings out of 476978
 633923 string characters out of 5825276
 1026438 words of memory out of 5000000
 53514 multiletter control sequences out of 15000+600000
 546616 words of font info for 453 fonts, out of 8000000 for 9000
 36 hyphenation exceptions out of 8191
 123i,13n,120p,2791b,893s stack positions out of 10000i,1000n,20000p,200000b,200000s
{d:/software_install/texlive/2022/texmf-dist/fonts/enc/dvips/cm-super/cm-supe
r-t1.enc}{d:/software_install/texlive/2022/texmf-dist/fonts/enc/dvips/base/8r.e
nc}<d:/software_install/texlive/2022/texmf-dist/fonts/type1/public/amsfonts/cm/
cmmi10.pfb><d:/software_install/texlive/2022/texmf-dist/fonts/type1/public/amsf
onts/cm/cmr10.pfb><d:/software_install/texlive/2022/texmf-dist/fonts/type1/publ
ic/amsfonts/cm/cmsy10.pfb><d:/software_install/texlive/2022/texmf-dist/fonts/ty
pe1/public/mathpazo/fplmr.pfb><d:/software_install/texlive/2022/texmf-dist/font
s/type1/public/mathpazo/fplmri.pfb><d:/software_install/texlive/2022/texmf-dist
/fonts/type1/public/cm-super/sfss0500.pfb><d:/software_install/texlive/2022/tex
mf-dist/fonts/type1/urw/palatino/uplb8a.pfb><d:/software_install/texlive/2022/t
exmf-dist/fonts/type1/urw/palatino/uplr8a.pfb><d:/software_install/texlive/2022
/texmf-dist/fonts/type1/urw/palatino/uplri8a.pfb>
Output written on template.pdf (18 pages, 12439960 bytes).
PDF statistics:
 695 PDF objects out of 1000 (max. 8388607)
 620 compressed objects within 7 object streams
 274 named destinations out of 1000 (max. 500000)
 99622 words of extra memory for PDF output out of 106986 (max. 10000000)

